2023-04-10 15:48:33.441 [info] Extension host with pid 293 started
2023-04-10 15:48:33.653 [info] Lock '/home/daniel/.vscode-server/data/User/workspaceStorage/6a0379b330e9155c7a8bacb50c0d2c5c/vscode.lock': Lock acquired.
2023-04-10 15:48:35.646 [info] ExtensionService#_doActivateExtension vscode.emmet, startup: false, activationEvent: 'onLanguage'
2023-04-10 15:48:35.665 [info] ExtensionService#_doActivateExtension vscode.html-language-features, startup: false, activationEvent: 'onLanguage:html'
2023-04-10 15:48:36.722 [info] ExtensionService#_doActivateExtension vscode.git-base, startup: true, activationEvent: '*', root cause: vscode.git
2023-04-10 15:48:37.505 [info] ExtensionService#_doActivateExtension vscode.git, startup: true, activationEvent: '*'
2023-04-10 15:48:37.508 [info] ExtensionService#_doActivateExtension vscode.github, startup: true, activationEvent: '*'
2023-04-10 15:48:39.262 [info] Eager extensions activated
2023-04-10 15:48:39.265 [info] ExtensionService#_doActivateExtension vscode.debug-auto-launch, startup: false, activationEvent: 'onStartupFinished'
2023-04-10 15:48:39.277 [info] ExtensionService#_doActivateExtension vscode.merge-conflict, startup: false, activationEvent: 'onStartupFinished'
2023-04-10 15:56:34.588 [info] ExtensionService#_doActivateExtension ritwickdey.LiveServer, startup: false, activationEvent: 'onStartupFinished'
2023-04-10 16:01:49.406 [error] Error: spawn google-chrome ENOENT
	at Process.ChildProcess._handle.onexit (node:internal/child_process:283:19)
	at onErrorNT (node:internal/child_process:478:16)
	at processTicksAndRejections (node:internal/process/task_queues:83:21)
2023-04-10 16:04:40.074 [error] Error: spawn google-chrome ENOENT
	at Process.ChildProcess._handle.onexit (node:internal/child_process:283:19)
	at onErrorNT (node:internal/child_process:478:16)
	at processTicksAndRejections (node:internal/process/task_queues:83:21)
2023-04-10 16:07:23.718 [info] ExtensionService#_doActivateExtension negokaz.live-server-preview, startup: false, activationEvent: 'onCommand:extension.liveServerPreview.open'
2023-04-10 18:05:53.413 [warning] [Decorations] CAPPING events from decorations provider vscode.git 8759
2023-04-10 18:06:01.317 [warning] [Decorations] CAPPING events from decorations provider vscode.git 8759
